;  LST file generated by mikroListExporter - v.2.0 
; Date/Time: 2/5/2015 15:24:20
;----------------------------------------------

;Address Opcode 	ASM
0x0000	0x29BF      	GOTO       447
_interrupt:
0x0004	0x00FF      	MOVWF      R15
0x0005	0x0E03      	SWAPF      STATUS, 0
0x0006	0x0183      	CLRF       STATUS
0x0007	0x00B7      	MOVWF      ___saveSTATUS
0x0008	0x080A      	MOVF       PCLATH, 0
0x0009	0x00B8      	MOVWF      ___savePCLATH
0x000A	0x018A      	CLRF       PCLATH
0x000B	0x0870      	MOVF       R0, 0
0x000C	0x00A0      	MOVWF      32
0x000D	0x0804      	MOVF       FSR, 0
0x000E	0x00A1      	MOVWF      33
;u3.c,104 :: 		void interrupt(){
;u3.c,105 :: 		if(PIR1.RCIF) {
0x000F	0x1E8C      	BTFSS      PIR1, 5
0x0010	0x2832      	GOTO       L_interrupt55
;u3.c,106 :: 		PORTD.F6 = 0;
0x0011	0x1308      	BCF        PORTD, 6
;u3.c,107 :: 		while(UART1_Data_Ready() == 1){
L_interrupt56:
0x0012	0x21B8      	CALL       _UART1_Data_Ready
0x0013	0x0870      	MOVF       R0, 0
0x0014	0x3A01      	XORLW      1
0x0015	0x1D03      	BTFSS      STATUS, 2
0x0016	0x2832      	GOTO       L_interrupt57
;u3.c,108 :: 		str[count] = UART1_Read();
0x0017	0x0824      	MOVF       _count, 0
0x0018	0x3E28      	ADDLW      _str
0x0019	0x00B9      	MOVWF      FLOC__interrupt
0x001A	0x21AD      	CALL       _UART1_Read
0x001B	0x0839      	MOVF       FLOC__interrupt, 0
0x001C	0x0084      	MOVWF      FSR
0x001D	0x0870      	MOVF       R0, 0
0x001E	0x0080      	MOVWF      INDF
;u3.c,109 :: 		count++;
0x001F	0x0AA4      	INCF       _count, 1
0x0020	0x1903      	BTFSC      STATUS, 2
0x0021	0x0AA5      	INCF       _count+1, 1
;u3.c,110 :: 		if(count == 13){
0x0022	0x3000      	MOVLW      0
0x0023	0x0625      	XORWF      _count+1, 0
0x0024	0x1D03      	BTFSS      STATUS, 2
0x0025	0x2828      	GOTO       L__interrupt112
0x0026	0x300D      	MOVLW      13
0x0027	0x0624      	XORWF      _count, 0
L__interrupt112:
0x0028	0x1D03      	BTFSS      STATUS, 2
0x0029	0x2830      	GOTO       L_interrupt58
;u3.c,111 :: 		PORTD.F6 = 0;
0x002A	0x1308      	BCF        PORTD, 6
;u3.c,112 :: 		flag = 1;
0x002B	0x3001      	MOVLW      1
0x002C	0x00A2      	MOVWF      _flag
0x002D	0x3000      	MOVLW      0
0x002E	0x00A3      	MOVWF      _flag+1
;u3.c,113 :: 		}else{
0x002F	0x2831      	GOTO       L_interrupt59
L_interrupt58:
;u3.c,114 :: 		PORTD.F6 = 1;
0x0030	0x1708      	BSF        PORTD, 6
;u3.c,115 :: 		}
L_interrupt59:
;u3.c,116 :: 		}
0x0031	0x2812      	GOTO       L_interrupt56
L_interrupt57:
;u3.c,117 :: 		}
L_interrupt55:
;u3.c,118 :: 		}
L_end_interrupt:
L__interrupt111:
0x0032	0x0820      	MOVF       32, 0
0x0033	0x00F0      	MOVWF      R0
0x0034	0x0821      	MOVF       33, 0
0x0035	0x0084      	MOVWF      FSR
0x0036	0x0838      	MOVF       ___savePCLATH, 0
0x0037	0x008A      	MOVWF      PCLATH
0x0038	0x0E37      	SWAPF      ___saveSTATUS, 0
0x0039	0x0083      	MOVWF      STATUS
0x003A	0x0EFF      	SWAPF      R15, 1
0x003B	0x0E7F      	SWAPF      R15, 0
0x003C	0x0009      	RETFIE
; end of _interrupt
_____DoICP:
;__Lib_System.c,6 :: 		
;__Lib_System.c,9 :: 		
0x003D	0x1283      	BCF        STATUS, 5
0x003E	0x1303      	BCF        STATUS, 6
0x003F	0x0836      	MOVF       ___DoICPAddr+1, 0
0x0040	0x008A      	MOVWF      PCLATH
;__Lib_System.c,10 :: 		
0x0041	0x0835      	MOVF       ___DoICPAddr, 0
0x0042	0x0082      	MOVWF      PCL
;__Lib_System.c,12 :: 		
L_end_____DoICP:
0x0043	0x0008      	RETURN
; end of _____DoICP
___CC2DW:
;__Lib_System.c,134 :: 		
;__Lib_System.c,137 :: 		
_CC2D_Loop1:
;__Lib_System.c,139 :: 		
0x0044	0x203D      	CALL       _____DoICP
0x0045	0x118A      	BCF        PCLATH, 3
0x0046	0x120A      	BCF        PCLATH, 4
;__Lib_System.c,141 :: 		
0x0047	0x0080      	MOVWF      INDF
;__Lib_System.c,142 :: 		
0x0048	0x0A84      	INCF       FSR, 1
;__Lib_System.c,143 :: 		
0x0049	0x0AB5      	INCF       ___DoICPAddr, 1
;__Lib_System.c,145 :: 		
0x004A	0x1903      	BTFSC      STATUS, 2
;__Lib_System.c,146 :: 		
0x004B	0x0AB6      	INCF       ___DoICPAddr+1, 1
;__Lib_System.c,147 :: 		
0x004C	0x03F0      	DECF       R0, 1
;__Lib_System.c,149 :: 		
0x004D	0x1D03      	BTFSS      STATUS, 2
;__Lib_System.c,150 :: 		
0x004E	0x2844      	GOTO       _CC2D_Loop1
;__Lib_System.c,152 :: 		
L_end___CC2DW:
0x004F	0x0008      	RETURN
; end of ___CC2DW
_UART1_Init:
;__Lib_UART_c67.c,2 :: 		
;__Lib_UART_c67.c,5 :: 		
0x0050	0x1683      	BSF        STATUS, 5
0x0051	0x1303      	BCF        STATUS, 6
0x0052	0x1698      	BSF        TXSTA, 5
;__Lib_UART_c67.c,6 :: 		
0x0053	0x3090      	MOVLW      144
0x0054	0x1283      	BCF        STATUS, 5
0x0055	0x0098      	MOVWF      RCSTA
;__Lib_UART_c67.c,7 :: 		
0x0056	0x1683      	BSF        STATUS, 5
0x0057	0x1787      	BSF        TRISC7_bit, BitPos(TRISC7_bit+0)
;__Lib_UART_c67.c,8 :: 		
0x0058	0x1307      	BCF        TRISC6_bit, BitPos(TRISC6_bit+0)
;__Lib_UART_c67.c,10 :: 		
L_UART1_Init0:
0x0059	0x1283      	BCF        STATUS, 5
0x005A	0x1E8C      	BTFSS      PIR1, 5
0x005B	0x285F      	GOTO       L_UART1_Init1
;__Lib_UART_c67.c,11 :: 		
0x005C	0x081A      	MOVF       RCREG, 0
0x005D	0x00F0      	MOVWF      R0
0x005E	0x2859      	GOTO       L_UART1_Init0
L_UART1_Init1:
;__Lib_UART_c67.c,12 :: 		
L_end_UART1_Init:
0x005F	0x0008      	RETURN
; end of _UART1_Init
_open_led:
;u3.c,46 :: 		void open_led(){
;u3.c,47 :: 		for ( i = 1; i< 13 ; i++){
0x0060	0x3001      	MOVLW      1
0x0061	0x1283      	BCF        STATUS, 5
0x0062	0x1303      	BCF        STATUS, 6
0x0063	0x00A6      	MOVWF      _i
0x0064	0x3000      	MOVLW      0
0x0065	0x00A7      	MOVWF      _i+1
L_open_led4:
0x0066	0x3080      	MOVLW      128
0x0067	0x0627      	XORWF      _i+1, 0
0x0068	0x00F0      	MOVWF      R0
0x0069	0x3080      	MOVLW      128
0x006A	0x0270      	SUBWF      R0, 0
0x006B	0x1D03      	BTFSS      STATUS, 2
0x006C	0x286F      	GOTO       L__open_led85
0x006D	0x300D      	MOVLW      13
0x006E	0x0226      	SUBWF      _i, 0
L__open_led85:
0x006F	0x1803      	BTFSC      STATUS, 0
0x0070	0x296B      	GOTO       L_open_led5
;u3.c,48 :: 		if(str[i] == '1' ){
0x0071	0x0826      	MOVF       _i, 0
0x0072	0x3E28      	ADDLW      _str
0x0073	0x0084      	MOVWF      FSR
0x0074	0x0800      	MOVF       INDF, 0
0x0075	0x3A31      	XORLW      49
0x0076	0x1D03      	BTFSS      STATUS, 2
0x0077	0x28F0      	GOTO       L_open_led7
;u3.c,49 :: 		if(i == 1){
0x0078	0x3000      	MOVLW      0
0x0079	0x0627      	XORWF      _i+1, 0
0x007A	0x1D03      	BTFSS      STATUS, 2
0x007B	0x287E      	GOTO       L__open_led86
0x007C	0x3001      	MOVLW      1
0x007D	0x0626      	XORWF      _i, 0
L__open_led86:
0x007E	0x1D03      	BTFSS      STATUS, 2
0x007F	0x2882      	GOTO       L_open_led8
;u3.c,50 :: 		PORTC.F0 = 1;
0x0080	0x1407      	BSF        PORTC, 0
;u3.c,51 :: 		}else if(i == 2){
0x0081	0x28EF      	GOTO       L_open_led9
L_open_led8:
0x0082	0x3000      	MOVLW      0
0x0083	0x0627      	XORWF      _i+1, 0
0x0084	0x1D03      	BTFSS      STATUS, 2
0x0085	0x2888      	GOTO       L__open_led87
0x0086	0x3002      	MOVLW      2
0x0087	0x0626      	XORWF      _i, 0
L__open_led87:
0x0088	0x1D03      	BTFSS      STATUS, 2
0x0089	0x288C      	GOTO       L_open_led10
;u3.c,52 :: 		PORTC.F1 = 1;
0x008A	0x1487      	BSF        PORTC, 1
;u3.c,53 :: 		}else if(i == 3){
0x008B	0x28EF      	GOTO       L_open_led11
L_open_led10:
0x008C	0x3000      	MOVLW      0
0x008D	0x0627      	XORWF      _i+1, 0
0x008E	0x1D03      	BTFSS      STATUS, 2
0x008F	0x2892      	GOTO       L__open_led88
0x0090	0x3003      	MOVLW      3
0x0091	0x0626      	XORWF      _i, 0
L__open_led88:
0x0092	0x1D03      	BTFSS      STATUS, 2
0x0093	0x2896      	GOTO       L_open_led12
;u3.c,54 :: 		PORTC.F2 = 1;
0x0094	0x1507      	BSF        PORTC, 2
;u3.c,55 :: 		}else if(i == 4){
0x0095	0x28EF      	GOTO       L_open_led13
L_open_led12:
0x0096	0x3000      	MOVLW      0
0x0097	0x0627      	XORWF      _i+1, 0
0x0098	0x1D03      	BTFSS      STATUS, 2
0x0099	0x289C      	GOTO       L__open_led89
0x009A	0x3004      	MOVLW      4
0x009B	0x0626      	XORWF      _i, 0
L__open_led89:
0x009C	0x1D03      	BTFSS      STATUS, 2
0x009D	0x28A0      	GOTO       L_open_led14
;u3.c,56 :: 		PORTC.F3 = 1;
0x009E	0x1587      	BSF        PORTC, 3
;u3.c,57 :: 		}else if(i == 5){
0x009F	0x28EF      	GOTO       L_open_led15
L_open_led14:
0x00A0	0x3000      	MOVLW      0
0x00A1	0x0627      	XORWF      _i+1, 0
0x00A2	0x1D03      	BTFSS      STATUS, 2
0x00A3	0x28A6      	GOTO       L__open_led90
0x00A4	0x3005      	MOVLW      5
0x00A5	0x0626      	XORWF      _i, 0
L__open_led90:
0x00A6	0x1D03      	BTFSS      STATUS, 2
0x00A7	0x28AA      	GOTO       L_open_led16
;u3.c,58 :: 		PORTD.F0 = 1;
0x00A8	0x1408      	BSF        PORTD, 0
;u3.c,59 :: 		}else if(i == 6){
0x00A9	0x28EF      	GOTO       L_open_led17
L_open_led16:
0x00AA	0x3000      	MOVLW      0
0x00AB	0x0627      	XORWF      _i+1, 0
0x00AC	0x1D03      	BTFSS      STATUS, 2
0x00AD	0x28B0      	GOTO       L__open_led91
0x00AE	0x3006      	MOVLW      6
0x00AF	0x0626      	XORWF      _i, 0
L__open_led91:
0x00B0	0x1D03      	BTFSS      STATUS, 2
0x00B1	0x28B4      	GOTO       L_open_led18
;u3.c,60 :: 		PORTD.F1 = 1;
0x00B2	0x1488      	BSF        PORTD, 1
;u3.c,61 :: 		}else if(i == 7){
0x00B3	0x28EF      	GOTO       L_open_led19
L_open_led18:
0x00B4	0x3000      	MOVLW      0
0x00B5	0x0627      	XORWF      _i+1, 0
0x00B6	0x1D03      	BTFSS      STATUS, 2
0x00B7	0x28BA      	GOTO       L__open_led92
0x00B8	0x3007      	MOVLW      7
0x00B9	0x0626      	XORWF      _i, 0
L__open_led92:
0x00BA	0x1D03      	BTFSS      STATUS, 2
0x00BB	0x28BE      	GOTO       L_open_led20
;u3.c,62 :: 		PORTD.F2 = 1;
0x00BC	0x1508      	BSF        PORTD, 2
;u3.c,63 :: 		}else if(i == 8){
0x00BD	0x28EF      	GOTO       L_open_led21
L_open_led20:
0x00BE	0x3000      	MOVLW      0
0x00BF	0x0627      	XORWF      _i+1, 0
0x00C0	0x1D03      	BTFSS      STATUS, 2
0x00C1	0x28C4      	GOTO       L__open_led93
0x00C2	0x3008      	MOVLW      8
0x00C3	0x0626      	XORWF      _i, 0
L__open_led93:
0x00C4	0x1D03      	BTFSS      STATUS, 2
0x00C5	0x28C8      	GOTO       L_open_led22
;u3.c,64 :: 		PORTD.F3 = 1;
0x00C6	0x1588      	BSF        PORTD, 3
;u3.c,65 :: 		}else if(i == 9){
0x00C7	0x28EF      	GOTO       L_open_led23
L_open_led22:
0x00C8	0x3000      	MOVLW      0
0x00C9	0x0627      	XORWF      _i+1, 0
0x00CA	0x1D03      	BTFSS      STATUS, 2
0x00CB	0x28CE      	GOTO       L__open_led94
0x00CC	0x3009      	MOVLW      9
0x00CD	0x0626      	XORWF      _i, 0
L__open_led94:
0x00CE	0x1D03      	BTFSS      STATUS, 2
0x00CF	0x28D2      	GOTO       L_open_led24
;u3.c,66 :: 		PORTC.F4 = 1;
0x00D0	0x1607      	BSF        PORTC, 4
;u3.c,67 :: 		}else if(i == 10){
0x00D1	0x28EF      	GOTO       L_open_led25
L_open_led24:
0x00D2	0x3000      	MOVLW      0
0x00D3	0x0627      	XORWF      _i+1, 0
0x00D4	0x1D03      	BTFSS      STATUS, 2
0x00D5	0x28D8      	GOTO       L__open_led95
0x00D6	0x300A      	MOVLW      10
0x00D7	0x0626      	XORWF      _i, 0
L__open_led95:
0x00D8	0x1D03      	BTFSS      STATUS, 2
0x00D9	0x28DC      	GOTO       L_open_led26
;u3.c,68 :: 		PORTC.F5 = 1;
0x00DA	0x1687      	BSF        PORTC, 5
;u3.c,69 :: 		}else if(i == 11){
0x00DB	0x28EF      	GOTO       L_open_led27
L_open_led26:
0x00DC	0x3000      	MOVLW      0
0x00DD	0x0627      	XORWF      _i+1, 0
0x00DE	0x1D03      	BTFSS      STATUS, 2
0x00DF	0x28E2      	GOTO       L__open_led96
0x00E0	0x300B      	MOVLW      11
0x00E1	0x0626      	XORWF      _i, 0
L__open_led96:
0x00E2	0x1D03      	BTFSS      STATUS, 2
0x00E3	0x28E6      	GOTO       L_open_led28
;u3.c,70 :: 		PORTD.F4 = 1;
0x00E4	0x1608      	BSF        PORTD, 4
;u3.c,71 :: 		}else if(i == 12){
0x00E5	0x28EF      	GOTO       L_open_led29
L_open_led28:
0x00E6	0x3000      	MOVLW      0
0x00E7	0x0627      	XORWF      _i+1, 0
0x00E8	0x1D03      	BTFSS      STATUS, 2
0x00E9	0x28EC      	GOTO       L__open_led97
0x00EA	0x300C      	MOVLW      12
0x00EB	0x0626      	XORWF      _i, 0
L__open_led97:
0x00EC	0x1D03      	BTFSS      STATUS, 2
0x00ED	0x28EF      	GOTO       L_open_led30
;u3.c,72 :: 		PORTD.F5 = 1;
0x00EE	0x1688      	BSF        PORTD, 5
;u3.c,73 :: 		}
L_open_led30:
L_open_led29:
L_open_led27:
L_open_led25:
L_open_led23:
L_open_led21:
L_open_led19:
L_open_led17:
L_open_led15:
L_open_led13:
L_open_led11:
L_open_led9:
;u3.c,74 :: 		}else{
0x00EF	0x2967      	GOTO       L_open_led31
L_open_led7:
;u3.c,75 :: 		if(i == 1){
0x00F0	0x3000      	MOVLW      0
0x00F1	0x0627      	XORWF      _i+1, 0
0x00F2	0x1D03      	BTFSS      STATUS, 2
0x00F3	0x28F6      	GOTO       L__open_led98
0x00F4	0x3001      	MOVLW      1
0x00F5	0x0626      	XORWF      _i, 0
L__open_led98:
0x00F6	0x1D03      	BTFSS      STATUS, 2
0x00F7	0x28FA      	GOTO       L_open_led32
;u3.c,76 :: 		PORTC.F0 = 0;
0x00F8	0x1007      	BCF        PORTC, 0
;u3.c,77 :: 		}else if(i == 2){
0x00F9	0x2967      	GOTO       L_open_led33
L_open_led32:
0x00FA	0x3000      	MOVLW      0
0x00FB	0x0627      	XORWF      _i+1, 0
0x00FC	0x1D03      	BTFSS      STATUS, 2
0x00FD	0x2900      	GOTO       L__open_led99
0x00FE	0x3002      	MOVLW      2
0x00FF	0x0626      	XORWF      _i, 0
L__open_led99:
0x0100	0x1D03      	BTFSS      STATUS, 2
0x0101	0x2904      	GOTO       L_open_led34
;u3.c,78 :: 		PORTC.F1 = 0;
0x0102	0x1087      	BCF        PORTC, 1
;u3.c,79 :: 		}else if(i == 3){
0x0103	0x2967      	GOTO       L_open_led35
L_open_led34:
0x0104	0x3000      	MOVLW      0
0x0105	0x0627      	XORWF      _i+1, 0
0x0106	0x1D03      	BTFSS      STATUS, 2
0x0107	0x290A      	GOTO       L__open_led100
0x0108	0x3003      	MOVLW      3
0x0109	0x0626      	XORWF      _i, 0
L__open_led100:
0x010A	0x1D03      	BTFSS      STATUS, 2
0x010B	0x290E      	GOTO       L_open_led36
;u3.c,80 :: 		PORTC.F2 = 0;
0x010C	0x1107      	BCF        PORTC, 2
;u3.c,81 :: 		}else if(i == 4){
0x010D	0x2967      	GOTO       L_open_led37
L_open_led36:
0x010E	0x3000      	MOVLW      0
0x010F	0x0627      	XORWF      _i+1, 0
0x0110	0x1D03      	BTFSS      STATUS, 2
0x0111	0x2914      	GOTO       L__open_led101
0x0112	0x3004      	MOVLW      4
0x0113	0x0626      	XORWF      _i, 0
L__open_led101:
0x0114	0x1D03      	BTFSS      STATUS, 2
0x0115	0x2918      	GOTO       L_open_led38
;u3.c,82 :: 		PORTC.F3 = 0;
0x0116	0x1187      	BCF        PORTC, 3
;u3.c,83 :: 		}else if(i == 5){
0x0117	0x2967      	GOTO       L_open_led39
L_open_led38:
0x0118	0x3000      	MOVLW      0
0x0119	0x0627      	XORWF      _i+1, 0
0x011A	0x1D03      	BTFSS      STATUS, 2
0x011B	0x291E      	GOTO       L__open_led102
0x011C	0x3005      	MOVLW      5
0x011D	0x0626      	XORWF      _i, 0
L__open_led102:
0x011E	0x1D03      	BTFSS      STATUS, 2
0x011F	0x2922      	GOTO       L_open_led40
;u3.c,84 :: 		PORTD.F0 = 0;
0x0120	0x1008      	BCF        PORTD, 0
;u3.c,85 :: 		}else if(i == 6){
0x0121	0x2967      	GOTO       L_open_led41
L_open_led40:
0x0122	0x3000      	MOVLW      0
0x0123	0x0627      	XORWF      _i+1, 0
0x0124	0x1D03      	BTFSS      STATUS, 2
0x0125	0x2928      	GOTO       L__open_led103
0x0126	0x3006      	MOVLW      6
0x0127	0x0626      	XORWF      _i, 0
L__open_led103:
0x0128	0x1D03      	BTFSS      STATUS, 2
0x0129	0x292C      	GOTO       L_open_led42
;u3.c,86 :: 		PORTD.F1 = 0;
0x012A	0x1088      	BCF        PORTD, 1
;u3.c,87 :: 		}else if(i == 7){
0x012B	0x2967      	GOTO       L_open_led43
L_open_led42:
0x012C	0x3000      	MOVLW      0
0x012D	0x0627      	XORWF      _i+1, 0
0x012E	0x1D03      	BTFSS      STATUS, 2
0x012F	0x2932      	GOTO       L__open_led104
0x0130	0x3007      	MOVLW      7
0x0131	0x0626      	XORWF      _i, 0
L__open_led104:
0x0132	0x1D03      	BTFSS      STATUS, 2
0x0133	0x2936      	GOTO       L_open_led44
;u3.c,88 :: 		PORTD.F2 = 0;
0x0134	0x1108      	BCF        PORTD, 2
;u3.c,89 :: 		}else if(i == 8){
0x0135	0x2967      	GOTO       L_open_led45
L_open_led44:
0x0136	0x3000      	MOVLW      0
0x0137	0x0627      	XORWF      _i+1, 0
0x0138	0x1D03      	BTFSS      STATUS, 2
0x0139	0x293C      	GOTO       L__open_led105
0x013A	0x3008      	MOVLW      8
0x013B	0x0626      	XORWF      _i, 0
L__open_led105:
0x013C	0x1D03      	BTFSS      STATUS, 2
0x013D	0x2940      	GOTO       L_open_led46
;u3.c,90 :: 		PORTD.F3 = 0;
0x013E	0x1188      	BCF        PORTD, 3
;u3.c,91 :: 		}else if(i == 9){
0x013F	0x2967      	GOTO       L_open_led47
L_open_led46:
0x0140	0x3000      	MOVLW      0
0x0141	0x0627      	XORWF      _i+1, 0
0x0142	0x1D03      	BTFSS      STATUS, 2
0x0143	0x2946      	GOTO       L__open_led106
0x0144	0x3009      	MOVLW      9
0x0145	0x0626      	XORWF      _i, 0
L__open_led106:
0x0146	0x1D03      	BTFSS      STATUS, 2
0x0147	0x294A      	GOTO       L_open_led48
;u3.c,92 :: 		PORTC.F4 = 0;
0x0148	0x1207      	BCF        PORTC, 4
;u3.c,93 :: 		}else if(i == 10){
0x0149	0x2967      	GOTO       L_open_led49
L_open_led48:
0x014A	0x3000      	MOVLW      0
0x014B	0x0627      	XORWF      _i+1, 0
0x014C	0x1D03      	BTFSS      STATUS, 2
0x014D	0x2950      	GOTO       L__open_led107
0x014E	0x300A      	MOVLW      10
0x014F	0x0626      	XORWF      _i, 0
L__open_led107:
0x0150	0x1D03      	BTFSS      STATUS, 2
0x0151	0x2954      	GOTO       L_open_led50
;u3.c,94 :: 		PORTC.F5 = 0;
0x0152	0x1287      	BCF        PORTC, 5
;u3.c,95 :: 		}else if(i == 11){
0x0153	0x2967      	GOTO       L_open_led51
L_open_led50:
0x0154	0x3000      	MOVLW      0
0x0155	0x0627      	XORWF      _i+1, 0
0x0156	0x1D03      	BTFSS      STATUS, 2
0x0157	0x295A      	GOTO       L__open_led108
0x0158	0x300B      	MOVLW      11
0x0159	0x0626      	XORWF      _i, 0
L__open_led108:
0x015A	0x1D03      	BTFSS      STATUS, 2
0x015B	0x295E      	GOTO       L_open_led52
;u3.c,96 :: 		PORTD.F4 = 0;
0x015C	0x1208      	BCF        PORTD, 4
;u3.c,97 :: 		}else if(i == 12){
0x015D	0x2967      	GOTO       L_open_led53
L_open_led52:
0x015E	0x3000      	MOVLW      0
0x015F	0x0627      	XORWF      _i+1, 0
0x0160	0x1D03      	BTFSS      STATUS, 2
0x0161	0x2964      	GOTO       L__open_led109
0x0162	0x300C      	MOVLW      12
0x0163	0x0626      	XORWF      _i, 0
L__open_led109:
0x0164	0x1D03      	BTFSS      STATUS, 2
0x0165	0x2967      	GOTO       L_open_led54
;u3.c,98 :: 		PORTD.F5 = 0;
0x0166	0x1288      	BCF        PORTD, 5
;u3.c,99 :: 		}
L_open_led54:
L_open_led53:
L_open_led51:
L_open_led49:
L_open_led47:
L_open_led45:
L_open_led43:
L_open_led41:
L_open_led39:
L_open_led37:
L_open_led35:
L_open_led33:
;u3.c,100 :: 		}
L_open_led31:
;u3.c,47 :: 		for ( i = 1; i< 13 ; i++){
0x0167	0x0AA6      	INCF       _i, 1
0x0168	0x1903      	BTFSC      STATUS, 2
0x0169	0x0AA7      	INCF       _i+1, 1
;u3.c,101 :: 		}
0x016A	0x2866      	GOTO       L_open_led4
L_open_led5:
;u3.c,102 :: 		}
L_end_open_led:
0x016B	0x0008      	RETURN
; end of _open_led
_reset_port:
;u3.c,35 :: 		void reset_port(){
;u3.c,36 :: 		PORTC.F0 =  PORTC.F1 = PORTC.F2 = PORTC.F3 = PORTC.F4 = PORTC.F5 = 0;
0x016C	0x1283      	BCF        STATUS, 5
0x016D	0x1303      	BCF        STATUS, 6
0x016E	0x1287      	BCF        PORTC, 5
0x016F	0x1A87      	BTFSC      PORTC, 5
0x0170	0x2973      	GOTO       L__reset_port63
0x0171	0x1207      	BCF        PORTC, 4
0x0172	0x2974      	GOTO       L__reset_port64
L__reset_port63:
0x0173	0x1607      	BSF        PORTC, 4
L__reset_port64:
0x0174	0x1A07      	BTFSC      PORTC, 4
0x0175	0x2978      	GOTO       L__reset_port65
0x0176	0x1187      	BCF        PORTC, 3
0x0177	0x2979      	GOTO       L__reset_port66
L__reset_port65:
0x0178	0x1587      	BSF        PORTC, 3
L__reset_port66:
0x0179	0x1987      	BTFSC      PORTC, 3
0x017A	0x297D      	GOTO       L__reset_port67
0x017B	0x1107      	BCF        PORTC, 2
0x017C	0x297E      	GOTO       L__reset_port68
L__reset_port67:
0x017D	0x1507      	BSF        PORTC, 2
L__reset_port68:
0x017E	0x1907      	BTFSC      PORTC, 2
0x017F	0x2982      	GOTO       L__reset_port69
0x0180	0x1087      	BCF        PORTC, 1
0x0181	0x2983      	GOTO       L__reset_port70
L__reset_port69:
0x0182	0x1487      	BSF        PORTC, 1
L__reset_port70:
0x0183	0x1887      	BTFSC      PORTC, 1
0x0184	0x2987      	GOTO       L__reset_port71
0x0185	0x1007      	BCF        PORTC, 0
0x0186	0x2988      	GOTO       L__reset_port72
L__reset_port71:
0x0187	0x1407      	BSF        PORTC, 0
L__reset_port72:
;u3.c,37 :: 		PORTD.F0 = PORTD.F1 = PORTD.F2 = PORTD.F3 = PORTD.F4 = PORTD.F5 = 0;
0x0188	0x1288      	BCF        PORTD, 5
0x0189	0x1A88      	BTFSC      PORTD, 5
0x018A	0x298D      	GOTO       L__reset_port73
0x018B	0x1208      	BCF        PORTD, 4
0x018C	0x298E      	GOTO       L__reset_port74
L__reset_port73:
0x018D	0x1608      	BSF        PORTD, 4
L__reset_port74:
0x018E	0x1A08      	BTFSC      PORTD, 4
0x018F	0x2992      	GOTO       L__reset_port75
0x0190	0x1188      	BCF        PORTD, 3
0x0191	0x2993      	GOTO       L__reset_port76
L__reset_port75:
0x0192	0x1588      	BSF        PORTD, 3
L__reset_port76:
0x0193	0x1988      	BTFSC      PORTD, 3
0x0194	0x2997      	GOTO       L__reset_port77
0x0195	0x1108      	BCF        PORTD, 2
0x0196	0x2998      	GOTO       L__reset_port78
L__reset_port77:
0x0197	0x1508      	BSF        PORTD, 2
L__reset_port78:
0x0198	0x1908      	BTFSC      PORTD, 2
0x0199	0x299C      	GOTO       L__reset_port79
0x019A	0x1088      	BCF        PORTD, 1
0x019B	0x299D      	GOTO       L__reset_port80
L__reset_port79:
0x019C	0x1488      	BSF        PORTD, 1
L__reset_port80:
0x019D	0x1888      	BTFSC      PORTD, 1
0x019E	0x29A1      	GOTO       L__reset_port81
0x019F	0x1008      	BCF        PORTD, 0
0x01A0	0x29A2      	GOTO       L__reset_port82
L__reset_port81:
0x01A1	0x1408      	BSF        PORTD, 0
L__reset_port82:
;u3.c,38 :: 		}
L_end_reset_port:
0x01A2	0x0008      	RETURN
; end of _reset_port
_reset_value:
;u3.c,40 :: 		void reset_value(){
;u3.c,41 :: 		PORTD.F6 = 1;
0x01A3	0x1283      	BCF        STATUS, 5
0x01A4	0x1303      	BCF        STATUS, 6
0x01A5	0x1708      	BSF        PORTD, 6
;u3.c,42 :: 		count = 1;
0x01A6	0x3001      	MOVLW      1
0x01A7	0x00A4      	MOVWF      _count
0x01A8	0x3000      	MOVLW      0
0x01A9	0x00A5      	MOVWF      _count+1
;u3.c,43 :: 		flag = 0;
0x01AA	0x01A2      	CLRF       _flag
0x01AB	0x01A3      	CLRF       _flag+1
;u3.c,44 :: 		}
L_end_reset_value:
0x01AC	0x0008      	RETURN
; end of _reset_value
_UART1_Read:
;__Lib_UART_c67.c,21 :: 		
;__Lib_UART_c67.c,24 :: 		
0x01AD	0x1283      	BCF        STATUS, 5
0x01AE	0x1303      	BCF        STATUS, 6
0x01AF	0x081A      	MOVF       RCREG, 0
0x01B0	0x00F1      	MOVWF      R1
;__Lib_UART_c67.c,25 :: 		
0x01B1	0x1C98      	BTFSS      RCSTA, 1
0x01B2	0x29B5      	GOTO       L_UART1_Read2
;__Lib_UART_c67.c,26 :: 		
0x01B3	0x1218      	BCF        RCSTA, 4
;__Lib_UART_c67.c,27 :: 		
0x01B4	0x1618      	BSF        RCSTA, 4
;__Lib_UART_c67.c,28 :: 		
L_UART1_Read2:
;__Lib_UART_c67.c,29 :: 		
0x01B5	0x0871      	MOVF       R1, 0
0x01B6	0x00F0      	MOVWF      R0
;__Lib_UART_c67.c,30 :: 		
L_end_UART1_Read:
0x01B7	0x0008      	RETURN
; end of _UART1_Read
_UART1_Data_Ready:
;__Lib_UART_c67.c,16 :: 		
;__Lib_UART_c67.c,17 :: 		
0x01B8	0x3000      	MOVLW      0
0x01B9	0x1283      	BCF        STATUS, 5
0x01BA	0x1303      	BCF        STATUS, 6
0x01BB	0x1A8C      	BTFSC      PIR1, 5
0x01BC	0x3001      	MOVLW      1
0x01BD	0x00F0      	MOVWF      R0
;__Lib_UART_c67.c,18 :: 		
L_end_UART1_Data_Ready:
0x01BE	0x0008      	RETURN
; end of _UART1_Data_Ready
_main:
0x01BF	0x1283      	BCF        STATUS, 5
0x01C0	0x1303      	BCF        STATUS, 6
0x01C1	0x01A2      	CLRF       _flag
0x01C2	0x01A3      	CLRF       35
0x01C3	0x3001      	MOVLW      1
0x01C4	0x00A4      	MOVWF      _count
0x01C5	0x01A5      	CLRF       37
0x01C6	0x3001      	MOVLW      1
0x01C7	0x00A6      	MOVWF      _i
0x01C8	0x01A7      	CLRF       39
;u3.c,10 :: 		void main() {
;u3.c,12 :: 		ANSEL  = 0;
0x01C9	0x1683      	BSF        STATUS, 5
0x01CA	0x1703      	BSF        STATUS, 6
0x01CB	0x0188      	CLRF       ANSEL
;u3.c,13 :: 		ANSELH = 0;
0x01CC	0x0189      	CLRF       ANSELH
;u3.c,14 :: 		TRISA = 0b11111111;
0x01CD	0x30FF      	MOVLW      255
0x01CE	0x1303      	BCF        STATUS, 6
0x01CF	0x0085      	MOVWF      TRISA
;u3.c,15 :: 		TRISB = 0b00111111;
0x01D0	0x303F      	MOVLW      63
0x01D1	0x0086      	MOVWF      TRISB
;u3.c,16 :: 		TRISC = 0b10000000;
0x01D2	0x3080      	MOVLW      128
0x01D3	0x0087      	MOVWF      TRISC
;u3.c,17 :: 		TRISD = 0b00000000;
0x01D4	0x0188      	CLRF       TRISD
;u3.c,18 :: 		INTCON.GIE = 1;
0x01D5	0x178B      	BSF        INTCON, 7
;u3.c,19 :: 		INTCON.PEIE = 1;
0x01D6	0x170B      	BSF        INTCON, 6
;u3.c,20 :: 		PIE1.RCIE = 1;
0x01D7	0x168C      	BSF        PIE1, 5
;u3.c,21 :: 		UART1_Init(9600);
0x01D8	0x3019      	MOVLW      25
0x01D9	0x0099      	MOVWF      SPBRG
0x01DA	0x1518      	BSF        TXSTA, 2
0x01DB	0x2050      	CALL       _UART1_Init
;u3.c,22 :: 		reset_port();
0x01DC	0x216C      	CALL       _reset_port
;u3.c,23 :: 		reset_value();
0x01DD	0x21A3      	CALL       _reset_value
;u3.c,25 :: 		while(1){
L_main0:
;u3.c,27 :: 		if(flag == 1){
0x01DE	0x3000      	MOVLW      0
0x01DF	0x0623      	XORWF      _flag+1, 0
0x01E0	0x1D03      	BTFSS      STATUS, 2
0x01E1	0x29E4      	GOTO       L__main61
0x01E2	0x3001      	MOVLW      1
0x01E3	0x0622      	XORWF      _flag, 0
L__main61:
0x01E4	0x1D03      	BTFSS      STATUS, 2
0x01E5	0x29E8      	GOTO       L_main2
;u3.c,28 :: 		open_led();
0x01E6	0x2060      	CALL       _open_led
;u3.c,29 :: 		reset_value();
0x01E7	0x21A3      	CALL       _reset_value
;u3.c,30 :: 		}
L_main2:
;u3.c,31 :: 		delay_ms(500);
0x01E8	0x3003      	MOVLW      3
0x01E9	0x00FB      	MOVWF      R11
0x01EA	0x308A      	MOVLW      138
0x01EB	0x00FC      	MOVWF      R12
0x01EC	0x3055      	MOVLW      85
0x01ED	0x00FD      	MOVWF      R13
L_main3:
0x01EE	0x0BFD      	DECFSZ     R13, 1
0x01EF	0x29EE      	GOTO       L_main3
0x01F0	0x0BFC      	DECFSZ     R12, 1
0x01F1	0x29EE      	GOTO       L_main3
0x01F2	0x0BFB      	DECFSZ     R11, 1
0x01F3	0x29EE      	GOTO       L_main3
0x01F4	0x0000      	NOP
0x01F5	0x0000      	NOP
;u3.c,32 :: 		}
0x01F6	0x29DE      	GOTO       L_main0
;u3.c,33 :: 		}
L_end_main:
0x01F7	0x29F7      	GOTO       $+0
; end of _main
Symbol List:
//** Routines locations **
//ADDRESS    SIZE    PROCEDURE
//----------------------------------------------
0x0004      [57]    _interrupt
0x003D       [7]    _____DoICP
0x0044      [12]    ___CC2DW
0x0050      [16]    _UART1_Init
0x0060     [268]    _open_led
0x016C      [55]    _reset_port
0x01A3      [10]    _reset_value
0x01AD      [11]    _UART1_Read
0x01B8       [7]    _UART1_Data_Ready
0x01BF      [57]    _main
//** Variables locations ** 
//ADDRESS    SIZE    VARIABLE
//----------------------------------------------
0x0000       [1]    INDF
0x0002       [1]    PCL
0x0003       [1]    STATUS
0x0004       [1]    FSR
0x0007       [1]    PORTC
0x0008       [1]    PORTD
0x000A       [1]    PCLATH
0x000B       [1]    INTCON
0x000C       [1]    PIR1
0x0018       [1]    RCSTA
0x001A       [1]    RCREG
0x0022       [2]    _flag
0x0024       [2]    _count
0x0026       [2]    _i
0x0028      [13]    _str
0x0035       [2]    ___DoICPAddr
0x0037       [1]    ___saveSTATUS
0x0038       [1]    ___savePCLATH
0x0039       [1]    FLOC__interrupt
0x0070       [1]    R0
0x0071       [1]    R1
0x0072       [1]    R2
0x0073       [1]    R3
0x0074       [1]    R4
0x0075       [1]    R5
0x0076       [1]    R6
0x0077       [1]    R7
0x0078       [1]    R8
0x0079       [1]    R9
0x007A       [1]    R10
0x007B       [1]    R11
0x007C       [1]    R12
0x007D       [1]    R13
0x007E       [1]    R14
0x007F       [1]    R15
0x0085       [1]    TRISA
0x0086       [1]    TRISB
0x0087       [0]    TRISC7_bit
0x0087       [1]    TRISC
0x0087       [0]    TRISC6_bit
0x0088       [1]    TRISD
0x008C       [1]    PIE1
0x0098       [1]    TXSTA
0x0099       [1]    SPBRG
0x009A       [1]    SPBRGH
0x0188       [1]    ANSEL
0x0189       [1]    ANSELH
//** Label List: ** 
//----------------------------------------------
  L_main0
  L_main1
  L_main2
  L_main3
  L_open_led4
  L_open_led5
  L_open_led6
  L_open_led7
  L_open_led8
  L_open_led9
  L_open_led10
  L_open_led11
  L_open_led12
  L_open_led13
  L_open_led14
  L_open_led15
  L_open_led16
  L_open_led17
  L_open_led18
  L_open_led19
  L_open_led20
  L_open_led21
  L_open_led22
  L_open_led23
  L_open_led24
  L_open_led25
  L_open_led26
  L_open_led27
  L_open_led28
  L_open_led29
  L_open_led30
  L_open_led31
  L_open_led32
  L_open_led33
  L_open_led34
  L_open_led35
  L_open_led36
  L_open_led37
  L_open_led38
  L_open_led39
  L_open_led40
  L_open_led41
  L_open_led42
  L_open_led43
  L_open_led44
  L_open_led45
  L_open_led46
  L_open_led47
  L_open_led48
  L_open_led49
  L_open_led50
  L_open_led51
  L_open_led52
  L_open_led53
  L_open_led54
  L_interrupt55
  L_interrupt56
  L_interrupt57
  L_interrupt58
  L_interrupt59
  L_end_main
  _main
  L__main61
  L_end_reset_port
  _reset_port
  L__reset_port63
  L__reset_port64
  L__reset_port65
  L__reset_port66
  L__reset_port67
  L__reset_port68
  L__reset_port69
  L__reset_port70
  L__reset_port71
  L__reset_port72
  L__reset_port73
  L__reset_port74
  L__reset_port75
  L__reset_port76
  L__reset_port77
  L__reset_port78
  L__reset_port79
  L__reset_port80
  L__reset_port81
  L__reset_port82
  L_end_reset_value
  _reset_value
  L_end_open_led
  _open_led
  L__open_led85
  L__open_led86
  L__open_led87
  L__open_led88
  L__open_led89
  L__open_led90
  L__open_led91
  L__open_led92
  L__open_led93
  L__open_led94
  L__open_led95
  L__open_led96
  L__open_led97
  L__open_led98
  L__open_led99
  L__open_led100
  L__open_led101
  L__open_led102
  L__open_led103
  L__open_led104
  L__open_led105
  L__open_led106
  L__open_led107
  L__open_led108
  L__open_led109
  L_end_interrupt
  _interrupt
  L__interrupt111
  L__interrupt112
  L_loopCA2AWs
  L_CA2AWend
  _CCA2AW_Loop1
  L_loopCS2Ss
  L_CS2Send
  _CCS2S_Loop1
  L_CCS2Send
  L_loopFZinSWs
  L_FZinSend
  _CC2D_Loop1
  L_end_____DoICP
  _____DoICP
  L_end_____DoIFC
  _____DoIFC
  L_end___CA2AW
  ___CA2AW
  L_end___CCA2AW
  ___CCA2AW
  L_end___CS2S
  ___CS2S
  L_end___CCS2S
  ___CCS2S
  L_end___FZinS
  ___FZinS
  L_end___CC2DW
  ___CC2DW
  L_end_Swap
  _Swap
  L_UART1_Init0
  L_UART1_Init1
  L_UART1_Read2
  L_UART1_Write3
  L_UART1_Write4
  L_UART1_Write_Text5
  L_UART1_Write_Text6
  L_UART1_Read_Text7
  L_UART1_Read_Text8
  L_UART1_Read_Text9
  L_UART1_Read_Text10
  L_UART1_Read_Text11
  L_UART1_Read_Text12
  L_UART1_Read_Text13
  L_UART1_Read_Text14
  L_UART1_Read_Text15
  L_end_UART1_Init
  _UART1_Init
  L_end_UART1_Data_Ready
  _UART1_Data_Ready
  L_end_UART1_Read
  _UART1_Read
  L_end_UART1_Tx_Idle
  _UART1_Tx_Idle
  L_end_UART1_Write
  _UART1_Write
  L_end_UART1_Write_Text
  _UART1_Write_Text
  L_end_UART1_Read_Text
  _UART1_Read_Text
  L_main0
  L_main1
  L_main2
  L_main3
  L_open_led4
  L_open_led5
  L_open_led6
  L_open_led7
  L_open_led8
  L_open_led9
  L_open_led10
  L_open_led11
  L_open_led12
  L_open_led13
  L_open_led14
  L_open_led15
  L_open_led16
  L_open_led17
  L_open_led18
  L_open_led19
  L_open_led20
  L_open_led21
  L_open_led22
  L_open_led23
  L_open_led24
  L_open_led25
  L_open_led26
  L_open_led27
  L_open_led28
  L_open_led29
  L_open_led30
  L_open_led31
  L_open_led32
  L_open_led33
  L_open_led34
  L_open_led35
  L_open_led36
  L_open_led37
  L_open_led38
  L_open_led39
  L_open_led40
  L_open_led41
  L_open_led42
  L_open_led43
  L_open_led44
  L_open_led45
  L_open_led46
  L_open_led47
  L_open_led48
  L_open_led49
  L_open_led50
  L_open_led51
  L_open_led52
  L_open_led53
  L_open_led54
  L_interrupt55
  L_interrupt56
  L_interrupt57
  L_interrupt58
  L_interrupt59
  L_end_main
  _main
  L__main61
  L_end_reset_port
  _reset_port
  L__reset_port63
  L__reset_port64
  L__reset_port65
  L__reset_port66
  L__reset_port67
  L__reset_port68
  L__reset_port69
  L__reset_port70
  L__reset_port71
  L__reset_port72
  L__reset_port73
  L__reset_port74
  L__reset_port75
  L__reset_port76
  L__reset_port77
  L__reset_port78
  L__reset_port79
  L__reset_port80
  L__reset_port81
  L__reset_port82
  L_end_reset_value
  _reset_value
  L_end_open_led
  _open_led
  L__open_led85
  L__open_led86
  L__open_led87
  L__open_led88
  L__open_led89
  L__open_led90
  L__open_led91
  L__open_led92
  L__open_led93
  L__open_led94
  L__open_led95
  L__open_led96
  L__open_led97
  L__open_led98
  L__open_led99
  L__open_led100
  L__open_led101
  L__open_led102
  L__open_led103
  L__open_led104
  L__open_led105
  L__open_led106
  L__open_led107
  L__open_led108
  L__open_led109
  L_end_interrupt
  _interrupt
  L__interrupt111
  L__interrupt112
  L_UART1_Init0
  L_UART1_Init1
  L_UART1_Read2
  L_UART1_Write3
  L_UART1_Write4
  L_UART1_Write_Text5
  L_UART1_Write_Text6
  L_UART1_Read_Text7
  L_UART1_Read_Text8
  L_UART1_Read_Text9
  L_UART1_Read_Text10
  L_UART1_Read_Text11
  L_UART1_Read_Text12
  L_UART1_Read_Text13
  L_UART1_Read_Text14
  L_UART1_Read_Text15
  L_end_UART1_Init
  _UART1_Init
  L_end_UART1_Data_Ready
  _UART1_Data_Ready
  L_end_UART1_Read
  _UART1_Read
  L_end_UART1_Tx_Idle
  _UART1_Tx_Idle
  L_end_UART1_Write
  _UART1_Write
  L_end_UART1_Write_Text
  _UART1_Write_Text
  L_end_UART1_Read_Text
  _UART1_Read_Text
